<?xml version="1.0" encoding="UTF-8"?>
<!-- Generated by org.testng.reporters.JUnitReportReporter -->
<testsuite hostname="Alims-MacBook-Pro.local" name="Test2.TestRun2" tests="1" failures="0" timestamp="1 Apr 2019 01:35:23 GMT" time="0.339" errors="0">
  <testcase name="feature" time="0.339" classname="Test2.TestRun2"/>
</testsuite> <!-- Test2.TestRun2 -->
