<?xml version="1.0" encoding="UTF-8"?>
<!-- Generated by org.testng.reporters.JUnitReportReporter -->
<testsuite hostname="Alims-MacBook-Pro.local" name="testrun.TestRun2" tests="1" failures="0" timestamp="17 Mar 2019 13:08:20 GMT" time="0.090" errors="0">
  <testcase name="feature" time="0.090" classname="testrun.TestRun2"/>
</testsuite> <!-- testrun.TestRun2 -->
