<?xml version="1.0" encoding="UTF-8"?>
<!-- Generated by org.testng.reporters.JUnitReportReporter -->
<testsuite hostname="Alims-MacBook-Pro.local" name="testrun.TestRun" tests="1" failures="0" timestamp="4 Apr 2019 17:55:00 GMT" time="0.737" errors="0">
  <testcase name="feature" time="0.737" classname="testrun.TestRun"/>
</testsuite> <!-- testrun.TestRun -->
