<?xml version="1.0" encoding="UTF-8"?>
<!-- Generated by org.testng.reporters.JUnitReportReporter -->
<testsuite hostname="Alims-MacBook-Pro.local" name="seleniumtest.mytest" tests="1" failures="0" timestamp="4 Apr 2019 17:56:04 GMT" time="14.213" errors="0">
  <testcase name="testUntitledTestCase" time="14.213" classname="seleniumtest.mytest"/>
</testsuite> <!-- seleniumtest.mytest -->
