<?xml version="1.0" encoding="UTF-8"?>
<!-- Generated by org.testng.reporters.JUnitReportReporter -->
<testsuite hostname="Alims-MacBook-Pro.local" name="Test2.TestRun2" tests="1" failures="0" timestamp="30 Mar 2019 04:48:52 GMT" time="0.003" errors="0">
  <testcase name="feature" time="0.003" classname="Test2.TestRun2"/>
</testsuite> <!-- Test2.TestRun2 -->
